HTTP/1.1 200 
Server: nginx/1.4.2
Date: Sun, 19 Sep 2021 16:07:34 GMT
Content-Type: application/json;charset=UTF-8
Transfer-Encoding: chunked
Connection: keep-alive

{
    "code": 0,
    "msg": "OK",
    "data": {
        "id": 1236912916,
        "leave_amount": 0.0,
        "mobile_phone": "13113643266",
        "reg_name": "小柠檬",
        "reg_time": "2021-09-20 00:07:32.0",
        "type": 0,
        "token_info": {
            "token_type": "Bearer",
            "expires_in": "2021-09-20 00:12:34",
            "token": "eyJhbGciOiJIUzUxMiJ9.eyJtZW1iZXJfaWQiOjEyMzY5MTI5MTYsImV4cCI6MTYzMjA2Nzk1NH0.TiSIG0y183KGYeFvyMUozIFTeT-d73H0FUCder9e8DdfINdtF01vb2syRZVK2_aF2IoAns3eFk-Kcbo9I0T0Fw"
        }
    },
    "copyright": "Copyright 柠檬班 ? 2017-2020 湖南省零檬信息技术有限公司 All Rights Reserved"
}
