HTTP/1.1 200 
Server: nginx/1.4.2
Date: Sun, 19 Sep 2021 16:07:33 GMT
Content-Type: application/json;charset=UTF-8
Transfer-Encoding: chunked
Connection: keep-alive

{
    "code": 0,
    "msg": "OK",
    "data": {
        "id": 1236912914,
        "leave_amount": 0.0,
        "mobile_phone": "13123302546",
        "reg_name": "小柠檬",
        "reg_time": "2021-09-20 00:07:30.0",
        "type": 1,
        "token_info": {
            "token_type": "Bearer",
            "expires_in": "2021-09-20 00:12:33",
            "token": "eyJhbGciOiJIUzUxMiJ9.eyJtZW1iZXJfaWQiOjEyMzY5MTI5MTQsImV4cCI6MTYzMjA2Nzk1M30.TrbjNvfmvaLipQYjk8n4yEI2TLBQRoHhGF74-ZxVvzRDPs43bFT8DqEmVL9QoM-Ji0ftwYah-jrogLoDWkcbiQ"
        }
    },
    "copyright": "Copyright 柠檬班 ? 2017-2020 湖南省零檬信息技术有限公司 All Rights Reserved"
}
