Request method:	POST
Request URI:	http://api.lemonban.com/futureloan/member/register
Proxy:			<none>
Request params:	<none>
Query params:	<none>
Form params:	<none>
Path params:	<none>
Headers:		X-Lemonban-Media-Type=lemonban.v2
				Accept=*/*
				Content-Type=application/json;Charset=utf-8
Cookies:		<none>
Multiparts:		<none>
Body:
{
    "mobile_phone": "13712341234",
    "pwd": "1234568"
}
HTTP/1.1 200 
Server: nginx/1.4.2
Date: Sun, 19 Sep 2021 16:07:33 GMT
Content-Type: application/json;charset=UTF-8
Transfer-Encoding: chunked
Connection: keep-alive

{
    "code": 2,
    "msg": "密码格式为8到16位",
    "data": null,
    "copyright": "Copyright 柠檬班 ? 2017-2020 湖南省零檬信息技术有限公司 All Rights Reserved"
}
